This file contains any messages produced by compilers while
running configure, to aid debugging if configure makes a mistake.

It was created by jq configure 1.5, which was
generated by GNU Autoconf 2.69.  Invocation command line was

  $ ./configure --disable-maintainer-mode --prefix=/Users/Spock-II/genTEST/node_modules/node-jq/d88c10f7-fb9c-484b-861c-060139ae806c --bindir=/Users/Spock-II/genTEST/node_modules/node-jq/bin

## --------- ##
## Platform. ##
## --------- ##

hostname = 3c-15-c2-d1-5f-32.valpo.edu
uname -m = x86_64
uname -r = 16.5.0
uname -s = Darwin
uname -v = Darwin Kernel Version 16.5.0: Fri Mar  3 16:52:33 PST 2017; root:xnu-3789.51.2~3/RELEASE_X86_64

/usr/bin/uname -p = i386
/bin/uname -X     = unknown

/bin/arch              = unknown
/usr/bin/arch -k       = unknown
/usr/convex/getsysinfo = unknown
/usr/bin/hostinfo      = Mach kernel version:
	 Darwin Kernel Version 16.5.0: Fri Mar  3 16:52:33 PST 2017; root:xnu-3789.51.2~3/RELEASE_X86_64
Kernel configured for up to 8 processors.
4 processors are physically available.
8 processors are logically available.
Processor type: x86_64h (Intel x86-64h Haswell)
Processors active: 0 1 2 3 4 5 6 7
Primary memory available: 16.00 gigabytes
Default processor set: 336 tasks, 1836 threads, 8 processors
Load average: 2.80, Mach factor: 5.19
/bin/machine           = unknown
/usr/bin/oslevel       = unknown
/bin/universe          = unknown

PATH: /usr/local/lib/node_modules/npm/bin/node-gyp-bin
PATH: /Users/Spock-II/genTEST/node_modules/node-jq/node_modules/.bin
PATH: /Users/Spock-II/genTEST/node_modules/.bin
PATH: /usr/local/bin
PATH: /usr/local/lib/node_modules/npm/bin/node-gyp-bin
PATH: /Users/Spock-II/genTEST/node_modules/node-jq/node_modules/.bin
PATH: /Users/Spock-II/genTEST/node_modules/.bin
PATH: /usr/local/bin
PATH: /Library/Frameworks/Python.framework/Versions/3.4/bin
PATH: /usr/local/bin
PATH: /usr/bin
PATH: /bin
PATH: /usr/sbin
PATH: /sbin
PATH: /Users/Spock-II/.rvm/bin


## ----------- ##
## Core tests. ##
## ----------- ##

configure:2581: checking for a BSD-compatible install
configure:2649: result: /usr/bin/install -c
configure:2660: checking whether build environment is sane
configure:2715: result: yes
configure:2866: checking for a thread-safe mkdir -p
configure:2905: result: config/install-sh -c -d
configure:2912: checking for gawk
configure:2942: result: no
configure:2912: checking for mawk
configure:2942: result: no
configure:2912: checking for nawk
configure:2942: result: no
configure:2912: checking for awk
configure:2928: found /usr/bin/awk
configure:2939: result: awk
configure:2950: checking whether make sets $(MAKE)
configure:2976: result: no
configure:3001: checking whether make supports nested variables
configure:3018: result: no
configure:3154: checking whether make supports nested variables
configure:3171: result: no
configure:3194: checking for style of include used by make
configure:3222: result: none
configure:3293: checking for gcc
configure:3309: found /usr/bin/gcc
configure:3320: result: gcc
configure:3549: checking for C compiler version
configure:3558: gcc --version >&5
xcrun: error: invalid active developer path (/Library/Developer/CommandLineTools), missing xcrun at: /Library/Developer/CommandLineTools/usr/bin/xcrun
configure:3569: $? = 1
configure:3558: gcc -v >&5
xcrun: error: invalid active developer path (/Library/Developer/CommandLineTools), missing xcrun at: /Library/Developer/CommandLineTools/usr/bin/xcrun
configure:3569: $? = 1
configure:3558: gcc -V >&5
xcrun: error: invalid active developer path (/Library/Developer/CommandLineTools), missing xcrun at: /Library/Developer/CommandLineTools/usr/bin/xcrun
configure:3569: $? = 1
configure:3558: gcc -qversion >&5
xcrun: error: invalid active developer path (/Library/Developer/CommandLineTools), missing xcrun at: /Library/Developer/CommandLineTools/usr/bin/xcrun
configure:3569: $? = 1
configure:3589: checking whether the C compiler works
configure:3611: gcc    conftest.c  >&5
xcrun: error: invalid active developer path (/Library/Developer/CommandLineTools), missing xcrun at: /Library/Developer/CommandLineTools/usr/bin/xcrun
configure:3615: $? = 1
configure:3653: result: no
configure: failed program was:
| /* confdefs.h */
| #define PACKAGE_NAME "jq"
| #define PACKAGE_TARNAME "jq"
| #define PACKAGE_VERSION "1.5"
| #define PACKAGE_STRING "jq 1.5"
| #define PACKAGE_BUGREPORT "https://github.com/stedolan/jq/issues"
| #define PACKAGE_URL "https://stedolan.github.io/jq"
| #define PACKAGE "jq"
| #define VERSION "1.5"
| /* end confdefs.h.  */
| 
| int
| main ()
| {
| 
|   ;
|   return 0;
| }
configure:3658: error: in `/Users/Spock-II/genTEST/node_modules/node-jq/2b9f5b05-d02b-465e-bd6f-009f446bf67f':
configure:3660: error: C compiler cannot create executables
See `config.log' for more details

## ---------------- ##
## Cache variables. ##
## ---------------- ##

ac_cv_env_CC_set=
ac_cv_env_CC_value=
ac_cv_env_CFLAGS_set=
ac_cv_env_CFLAGS_value=
ac_cv_env_CPPFLAGS_set=
ac_cv_env_CPPFLAGS_value=
ac_cv_env_CPP_set=
ac_cv_env_CPP_value=
ac_cv_env_LDFLAGS_set=
ac_cv_env_LDFLAGS_value=
ac_cv_env_LIBS_set=
ac_cv_env_LIBS_value=
ac_cv_env_YACC_set=
ac_cv_env_YACC_value=
ac_cv_env_YFLAGS_set=
ac_cv_env_YFLAGS_value=
ac_cv_env_build_alias_set=
ac_cv_env_build_alias_value=
ac_cv_env_host_alias_set=
ac_cv_env_host_alias_value=
ac_cv_env_target_alias_set=
ac_cv_env_target_alias_value=
ac_cv_path_install='/usr/bin/install -c'
ac_cv_prog_AWK=awk
ac_cv_prog_ac_ct_CC=gcc
ac_cv_prog_make_make_set=no
am_cv_make_support_nested_variables=no

## ----------------- ##
## Output variables. ##
## ----------------- ##

ACLOCAL='${SHELL} /Users/Spock-II/genTEST/node_modules/node-jq/2b9f5b05-d02b-465e-bd6f-009f446bf67f/config/missing aclocal-1.14'
ALLOCA=''
AMDEPBACKSLASH='\'
AMDEP_FALSE='#'
AMDEP_TRUE=''
AMTAR='$${TAR-tar}'
AM_BACKSLASH='\'
AM_DEFAULT_V='0'
AM_DEFAULT_VERBOSITY='0'
AM_V='0'
AR=''
AS=''
AUTOCONF='${SHELL} /Users/Spock-II/genTEST/node_modules/node-jq/2b9f5b05-d02b-465e-bd6f-009f446bf67f/config/missing autoconf'
AUTOHEADER='${SHELL} /Users/Spock-II/genTEST/node_modules/node-jq/2b9f5b05-d02b-465e-bd6f-009f446bf67f/config/missing autoheader'
AUTOMAKE='${SHELL} /Users/Spock-II/genTEST/node_modules/node-jq/2b9f5b05-d02b-465e-bd6f-009f446bf67f/config/missing automake-1.14'
AWK='awk'
BISON_VERSION=''
BUNDLER=''
CC='gcc'
CCDEPMODE=''
CFLAGS=''
CPP=''
CPPFLAGS=''
CYGPATH_W='echo'
DEFS=''
DEPDIR='.deps'
DLLTOOL=''
DSYMUTIL=''
DUMPBIN=''
ECHO_C='\c'
ECHO_N=''
ECHO_T=''
EGREP=''
ENABLE_ALL_STATIC_FALSE=''
ENABLE_ALL_STATIC_TRUE=''
ENABLE_DOCS_FALSE=''
ENABLE_DOCS_TRUE=''
ENABLE_ERROR_INJECTION_FALSE=''
ENABLE_ERROR_INJECTION_TRUE=''
ENABLE_GCOV_FALSE=''
ENABLE_GCOV_TRUE=''
ENABLE_VALGRIND_FALSE=''
ENABLE_VALGRIND_TRUE=''
EXEEXT=''
FGREP=''
GREP=''
INSTALL_DATA='${INSTALL} -m 644'
INSTALL_PROGRAM='${INSTALL}'
INSTALL_SCRIPT='${INSTALL}'
INSTALL_STRIP_PROGRAM='$(install_sh) -c -s'
LD=''
LDFLAGS=''
LEX=''
LEXLIB=''
LEX_OUTPUT_ROOT=''
LIBOBJS=''
LIBS=''
LIBTOOL=''
LIB__isatty=''
LIB_acos=''
LIB_acosh=''
LIB_asin=''
LIB_asinh=''
LIB_atan2=''
LIB_atan=''
LIB_atanh=''
LIB_atexit=''
LIB_cbrt=''
LIB_cos=''
LIB_cosh=''
LIB_exp2=''
LIB_exp=''
LIB_floor=''
LIB_gettimeofday=''
LIB_gmtime=''
LIB_gmtime_r=''
LIB_hypot=''
LIB_isatty=''
LIB_j0=''
LIB_j1=''
LIB_log10=''
LIB_log2=''
LIB_log=''
LIB_pow=''
LIB_pthread_key_create=''
LIB_pthread_once=''
LIB_remainder=''
LIB_sin=''
LIB_sinh=''
LIB_sqrt=''
LIB_strftime=''
LIB_strptime=''
LIB_tan=''
LIB_tanh=''
LIB_tgamma=''
LIB_timegm=''
LIB_y0=''
LIB_y1=''
LIPO=''
LN_S=''
LTLIBOBJS=''
MAINT=''
MAINTAINER_MODE_FALSE=''
MAINTAINER_MODE_TRUE=''
MAKEINFO='${SHELL} /Users/Spock-II/genTEST/node_modules/node-jq/2b9f5b05-d02b-465e-bd6f-009f446bf67f/config/missing makeinfo'
MANIFEST_TOOL=''
MKDIR_P='config/install-sh -c -d'
NM=''
NMEDIT=''
OBJDUMP=''
OBJEXT=''
OTOOL64=''
OTOOL=''
PACKAGE='jq'
PACKAGE_BUGREPORT='https://github.com/stedolan/jq/issues'
PACKAGE_NAME='jq'
PACKAGE_STRING='jq 1.5'
PACKAGE_TARNAME='jq'
PACKAGE_URL='https://stedolan.github.io/jq'
PACKAGE_VERSION='1.5'
PATH_SEPARATOR=':'
RANLIB=''
SED=''
SET_MAKE='MAKE=make'
SHELL='/bin/sh'
STRIP=''
VERSION='1.5'
YACC=''
YFLAGS=''
ac_ct_AR=''
ac_ct_CC='gcc'
ac_ct_DUMPBIN=''
am__EXEEXT_FALSE=''
am__EXEEXT_TRUE=''
am__fastdepCC_FALSE=''
am__fastdepCC_TRUE=''
am__include='#'
am__isrc=''
am__leading_dot='.'
am__nodep='_no'
am__quote=''
am__tar='$${TAR-tar} chof - "$$tardir"'
am__untar='$${TAR-tar} xf -'
bindir='/Users/Spock-II/genTEST/node_modules/node-jq/bin'
build=''
build_alias=''
build_cpu=''
build_os=''
build_vendor=''
bundle_cmd=''
datadir='${datarootdir}'
datarootdir='${prefix}/share'
docdir='${datarootdir}/doc/${PACKAGE_TARNAME}'
dvidir='${docdir}'
exec_prefix='NONE'
host=''
host_alias=''
host_cpu=''
host_os=''
host_vendor=''
htmldir='${docdir}'
includedir='${prefix}/include'
infodir='${datarootdir}/info'
install_sh='${SHELL} /Users/Spock-II/genTEST/node_modules/node-jq/2b9f5b05-d02b-465e-bd6f-009f446bf67f/config/install-sh'
libdir='${exec_prefix}/lib'
libexecdir='${exec_prefix}/libexec'
localedir='${datarootdir}/locale'
localstatedir='${prefix}/var'
mandir='${datarootdir}/man'
mkdir_p='$(MKDIR_P)'
oldincludedir='/usr/include'
pdfdir='${docdir}'
prefix='/Users/Spock-II/genTEST/node_modules/node-jq/d88c10f7-fb9c-484b-861c-060139ae806c'
program_transform_name='s,x,x,'
psdir='${docdir}'
sbindir='${exec_prefix}/sbin'
sharedstatedir='${prefix}/com'
sysconfdir='${prefix}/etc'
target_alias=''
valgrind_cmd=''

## ----------- ##
## confdefs.h. ##
## ----------- ##

/* confdefs.h */
#define PACKAGE_NAME "jq"
#define PACKAGE_TARNAME "jq"
#define PACKAGE_VERSION "1.5"
#define PACKAGE_STRING "jq 1.5"
#define PACKAGE_BUGREPORT "https://github.com/stedolan/jq/issues"
#define PACKAGE_URL "https://stedolan.github.io/jq"
#define PACKAGE "jq"
#define VERSION "1.5"

configure: exit 77
